<?xml version="1.0" encoding="UTF-8"?>
<testng-results>
  <reporter-output>
  </reporter-output>
  <suite name="Address Suite" duration-ms="10" started-at="2015-01-11T15:25:36Z" finished-at="2015-01-11T15:25:36Z">
    <groups>
    </groups>
    <test name="AddressTest2" duration-ms="0" started-at="2015-01-11T15:25:36Z" finished-at="2015-01-11T15:25:36Z">
      <class name="com.pbricks.AddressSuite.AddressTest2">
        <test-method status="SKIP" signature="isSuiteSkipped()" name="isSuiteSkipped" is-config="true" duration-ms="0" started-at="2015-01-11T15:25:36Z" finished-at="2015-01-11T15:25:36Z">
          <exception class="org.testng.SkipException">
            <message>
              <![CDATA[Test Suite will be skipped as runmode is No.]]>
            </message>
            <full-stacktrace>
              <![CDATA[org.testng.SkipException: Test Suite will be skipped as runmode is No.
	at com.pbricks.AddressSuite.ADTestSuiteBase.isSuiteSkipped(ADTestSuiteBase.java:17)
	at sun.reflect.NativeMethodAccessorImpl.invoke0(Native Method)
	at sun.reflect.NativeMethodAccessorImpl.invoke(NativeMethodAccessorImpl.java:57)
	at sun.reflect.DelegatingMethodAccessorImpl.invoke(DelegatingMethodAccessorImpl.java:43)
	at java.lang.reflect.Method.invoke(Method.java:606)
	at org.testng.internal.MethodInvocationHelper.invokeMethod(MethodInvocationHelper.java:74)
	at org.testng.internal.Invoker.invokeConfigurationMethod(Invoker.java:525)
	at org.testng.internal.Invoker.invokeConfigurations(Invoker.java:202)
	at org.testng.internal.Invoker.invokeConfigurations(Invoker.java:130)
	at org.testng.SuiteRunner.privateRun(SuiteRunner.java:260)
	at org.testng.SuiteRunner.run(SuiteRunner.java:223)
	at org.testng.SuiteRunnerWorker.runSuite(SuiteRunnerWorker.java:52)
	at org.testng.SuiteRunnerWorker.run(SuiteRunnerWorker.java:86)
	at org.testng.TestNG.runSuitesSequentially(TestNG.java:1031)
	at org.testng.TestNG.runSuitesSequentially(TestNG.java:1027)
	at org.testng.TestNG.runSuitesLocally(TestNG.java:956)
	at org.testng.TestNG.run(TestNG.java:892)
	at org.testng.TestNG.privateMain(TestNG.java:1174)
	at org.testng.TestNG.main(TestNG.java:1138)
]]>
            </full-stacktrace>
          </exception>
        </test-method>
      </class>
    </test>
    <test name="AddressTest1" duration-ms="0" started-at="2015-01-11T15:25:36Z" finished-at="2015-01-11T15:25:36Z">
    </test>
  </suite>
  <suite name="Regression Test Suite" duration-ms="0" started-at="2015-01-11T15:25:36Z" finished-at="2015-01-11T15:25:36Z">
    <groups>
    </groups>
  </suite>
  <suite name="PurpleBrick Suite" duration-ms="0" started-at="2015-01-11T15:25:36Z" finished-at="2015-01-11T15:25:36Z">
    <groups>
    </groups>
    <test name="PBTest1" duration-ms="0" started-at="2015-01-11T15:25:36Z" finished-at="2015-01-11T15:25:36Z">
    </test>
    <test name="PBTest2" duration-ms="0" started-at="2015-01-11T15:25:36Z" finished-at="2015-01-11T15:25:36Z">
      <class name="com.pbricks.PurpleBrickSuite.PBTest2">
        <test-method status="SKIP" signature="isSuiteSkipped()" name="isSuiteSkipped" is-config="true" duration-ms="0" started-at="2015-01-11T15:25:36Z" finished-at="2015-01-11T15:25:36Z">
          <exception class="org.testng.SkipException">
            <message>
              <![CDATA[Test Suite will be skipped as runmode is No.]]>
            </message>
            <full-stacktrace>
              <![CDATA[org.testng.SkipException: Test Suite will be skipped as runmode is No.
	at com.pbricks.PurpleBrickSuite.PBRTestSuiteBase.isSuiteSkipped(PBRTestSuiteBase.java:17)
	at sun.reflect.NativeMethodAccessorImpl.invoke0(Native Method)
	at sun.reflect.NativeMethodAccessorImpl.invoke(NativeMethodAccessorImpl.java:57)
	at sun.reflect.DelegatingMethodAccessorImpl.invoke(DelegatingMethodAccessorImpl.java:43)
	at java.lang.reflect.Method.invoke(Method.java:606)
	at org.testng.internal.MethodInvocationHelper.invokeMethod(MethodInvocationHelper.java:74)
	at org.testng.internal.Invoker.invokeConfigurationMethod(Invoker.java:525)
	at org.testng.internal.Invoker.invokeConfigurations(Invoker.java:202)
	at org.testng.internal.Invoker.invokeConfigurations(Invoker.java:130)
	at org.testng.SuiteRunner.privateRun(SuiteRunner.java:260)
	at org.testng.SuiteRunner.run(SuiteRunner.java:223)
	at org.testng.SuiteRunnerWorker.runSuite(SuiteRunnerWorker.java:52)
	at org.testng.SuiteRunnerWorker.run(SuiteRunnerWorker.java:86)
	at org.testng.TestNG.runSuitesSequentially(TestNG.java:1031)
	at org.testng.TestNG.runSuitesSequentially(TestNG.java:1027)
	at org.testng.TestNG.runSuitesLocally(TestNG.java:956)
	at org.testng.TestNG.run(TestNG.java:892)
	at org.testng.TestNG.privateMain(TestNG.java:1174)
	at org.testng.TestNG.main(TestNG.java:1138)
]]>
            </full-stacktrace>
          </exception>
        </test-method>
      </class>
    </test>
  </suite>
  <suite name="Shopping Suite" duration-ms="146" started-at="2015-01-11T15:25:36Z" finished-at="2015-01-11T15:25:36Z">
    <groups>
    </groups>
    <test name="ShopLoginTest2" duration-ms="30" started-at="2015-01-11T15:25:36Z" finished-at="2015-01-11T15:25:36Z">
      <class name="com.pbricks.ShoppingSuite.ShopLoginTest2">
        <test-method status="PASS" signature="isSuiteSkipped()" name="isSuiteSkipped" is-config="true" duration-ms="2193" started-at="2015-01-11T15:25:34Z" finished-at="2015-01-11T15:25:36Z">
        </test-method>
        <test-method status="SKIP" signature="CheckTestSkip()" name="CheckTestSkip" is-config="true" duration-ms="0" started-at="2015-01-11T15:25:36Z" finished-at="2015-01-11T15:25:36Z">
          <exception class="org.testng.SkipException">
            <message>
              <![CDATA[Test Case skipped--ShopLoginTest2]]>
            </message>
            <full-stacktrace>
              <![CDATA[org.testng.SkipException: Test Case skipped--ShopLoginTest2
	at com.pbricks.ShoppingSuite.ShopLoginTest2.CheckTestSkip(ShopLoginTest2.java:16)
	at sun.reflect.NativeMethodAccessorImpl.invoke0(Native Method)
	at sun.reflect.NativeMethodAccessorImpl.invoke(NativeMethodAccessorImpl.java:57)
	at sun.reflect.DelegatingMethodAccessorImpl.invoke(DelegatingMethodAccessorImpl.java:43)
	at java.lang.reflect.Method.invoke(Method.java:606)
	at org.testng.internal.MethodInvocationHelper.invokeMethod(MethodInvocationHelper.java:74)
	at org.testng.internal.Invoker.invokeConfigurationMethod(Invoker.java:525)
	at org.testng.internal.Invoker.invokeConfigurations(Invoker.java:202)
	at org.testng.internal.Invoker.invokeConfigurations(Invoker.java:130)
	at org.testng.TestRunner.beforeRun(TestRunner.java:624)
	at org.testng.TestRunner.run(TestRunner.java:592)
	at org.testng.SuiteRunner.runTest(SuiteRunner.java:317)
	at org.testng.SuiteRunner.runSequentially(SuiteRunner.java:312)
	at org.testng.SuiteRunner.privateRun(SuiteRunner.java:274)
	at org.testng.SuiteRunner.run(SuiteRunner.java:223)
	at org.testng.SuiteRunnerWorker.runSuite(SuiteRunnerWorker.java:52)
	at org.testng.SuiteRunnerWorker.run(SuiteRunnerWorker.java:86)
	at org.testng.TestNG.runSuitesSequentially(TestNG.java:1031)
	at org.testng.TestNG.runSuitesSequentially(TestNG.java:1027)
	at org.testng.TestNG.runSuitesLocally(TestNG.java:956)
	at org.testng.TestNG.run(TestNG.java:892)
	at org.testng.TestNG.privateMain(TestNG.java:1174)
	at org.testng.TestNG.main(TestNG.java:1138)
]]>
            </full-stacktrace>
          </exception>
        </test-method>
      </class>
    </test>
    <test name="ShopLoginTest1" duration-ms="66" started-at="2015-01-11T15:25:36Z" finished-at="2015-01-11T15:25:36Z">
      <class name="com.pbricks.ShoppingSuite.ShopLoginTest1">
        <test-method status="PASS" signature="CheckTestSkip()" name="CheckTestSkip" is-config="true" duration-ms="32" started-at="2015-01-11T15:25:36Z" finished-at="2015-01-11T15:25:36Z">
        </test-method>
        <test-method status="PASS" signature="ShopLoginTest10(java.util.Hashtable)" name="ShopLoginTest10" duration-ms="0" started-at="2015-01-11T15:25:36Z" finished-at="2015-01-11T15:25:36Z">
          <params>
            <param index="0">
              <value>
                <![CDATA[{RunMode=N, Password=Sealords_101, UserName=olaseni.isola@yahoo.co.uk}]]>
              </value>
            </param>
          </params>
        </test-method>
        <test-method status="PASS" signature="ShopLoginTest10(java.util.Hashtable)" name="ShopLoginTest10" duration-ms="0" started-at="2015-01-11T15:25:36Z" finished-at="2015-01-11T15:25:36Z">
          <params>
            <param index="0">
              <value>
                <![CDATA[{RunMode=Y, Password=Sealords_231, UserName=isolafri2003@yahoo.com}]]>
              </value>
            </param>
          </params>
        </test-method>
      </class>
    </test>
  </suite>
</testng-results>
